<?xml version="1.0" encoding="UTF-8"?>
<!-- Generated by org.testng.reporters.JUnitReportReporter -->
<testsuite hostname="xilp-ind-3023" name="Basics" tests="1" failures="0" timestamp="9 Jan 2018 12:37:33 GMT" time="3.448" errors="0">
  <testcase name="Test" time="3.448" classname="Basics"/>
</testsuite> <!-- Basics -->
