<?xml version="1.0" encoding="UTF-8"?>
<!-- Generated by org.testng.reporters.JUnitReportReporter -->
<testsuite hostname="xilp-ind-3023" name="Basics2" tests="1" failures="0" timestamp="10 Jan 2018 08:23:59 GMT" time="7.563" errors="0">
  <testcase name="postdata" time="7.563" classname="Basics2"/>
</testsuite> <!-- Basics2 -->
